
                                      ARENA Simulation Results
                                        - License: 7328734345

                                  Summary for Replication 1 of 10

Project: Unnamed Project                                             Run execution date :11/14/2024
Analyst: Rockwell Automation                                         Model revision date:11/14/2024

Replication ended at time      : 1440.0 Minutes 
Base Time Units: Minutes

                                           TALLY VARIABLES

Identifier                                  Average   Half Width  Minimum    Maximum   Observations
___________________________________________________________________________________________________

Record total obsolete                       257.00     (Corr)     1.0000     513.00        513    
E_2ND.VATime                                .40008     (Corr)     .00000     18.464       3187    
E_2ND.NVATime                               .00000     .00000     .00000     .00000       3187    
E_2ND.WaitTime                              3.2532     (Corr)     .00000     175.32       3187    
E_2ND.TranTime                              .00000     .00000     .00000     .00000       3187    
E_2ND.OtherTime                             .00000     .00000     .00000     .00000       3187    
E_2ND.TotalTime                             3.6533     (Corr)     .00000     176.16       3187    
E_1ST.VATime                                1.0686     (Corr)     .00000     11.816       1949    
E_1ST.NVATime                               .00000     .00000     .00000     .00000       1949    
E_1ST.WaitTime                              .09358     (Corr)     .00000     13.456       1949    
E_1ST.TranTime                              .00000     .00000     .00000     .00000       1949    
E_1ST.OtherTime                             .00000     .00000     .00000     .00000       1949    
E_1ST.TotalTime                             1.1621     (Corr)     .00000     14.786       1949    
E_3RD.VATime                                5.1637     (Insuf)    .68166     11.034        234    
E_3RD.NVATime                               .00000     (Insuf)    .00000     .00000        234    
E_3RD.WaitTime                              .02057     (Insuf)    .00000     .68838        234    
E_3RD.TranTime                              .00000     (Insuf)    .00000     .00000        234    
E_3RD.OtherTime                             .00000     (Insuf)    .00000     .00000        234    
E_3RD.TotalTime                             5.1843     (Insuf)    .68166     11.184        234    
Process EQUIP by STEAM.Queue.WaitingTime        --         --         --         --          0
Process BED by nurse.Queue.WaitingTime      .07743     (Insuf)    .00000     2.3392        160    
Process DIAGNOSTIC by IT.Queue.WaitingTime  .01763     (Insuf)    .00000     1.0400         59    
Process MIoT by MD.Queue.WaitingTime        1.7323     (Insuf)    .00000     7.7112         10    
Process ICT by IT.Queue.WaitingTime         .00000     (Insuf)    .00000     .00000         18    
Process suspicions.Queue.WaitingTime        .03857     (Insuf)    .00000     2.4142        217    
Mitigate and Respond.Queue.WaitingTime      .00000     (Insuf)    .00000     .00000          2    
Automated Data Processing.Queue.WaitingTim  10.039     (Corr)     .00000     175.32       1046    
Process WEARABLE by nurse.Queue.WaitingTim  .04699     (Insuf)    .00000     2.9050        319    
Process HOSPITAL by IT.Queue.WaitingTime    .00000     (Insuf)    .00000     .00000         73    

                                     DISCRETE-CHANGE VARIABLES

Identifier                                  Average   Half Width  Minimum    Maximum   Final Value
___________________________________________________________________________________________________

E_2ND.WIP                                   8.0855     (Corr)     .00000     128.00     .00000    
E_1ST.WIP                                   1.5729     (Corr)     .00000     18.000     .00000    
E_3RD.WIP                                   .84395     (Corr)     .00000     7.0000     1.0000    
MD.NumberBusy                               .05430     (Insuf)    .00000     2.0000     .00000    
MD.NumberScheduled                          2.0000     (Insuf)    2.0000     2.0000     2.0000    
MD.Utilization                              .02715     (Insuf)    .00000     1.0000     .00000    
RTEAM.NumberBusy                            .01640     (Insuf)    .00000     1.0000     .00000    
RTEAM.NumberScheduled                       5.0000     (Insuf)    5.0000     5.0000     5.0000    
RTEAM.Utilization                           .00328     (Insuf)    .00000     .20000     .00000    
NURSE.NumberBusy                            .99666     (Corr)     .00000     5.0000     .00000    
NURSE.NumberScheduled                       5.0000     (Insuf)    5.0000     5.0000     5.0000    
NURSE.Utilization                           .19933     (Corr)     .00000     1.0000     .00000    
TTEAM.NumberBusy                            .63652     (Insuf)    .00000     5.0000     .00000    
TTEAM.NumberScheduled                       5.0000     (Insuf)    5.0000     5.0000     5.0000    
TTEAM.Utilization                           .12730     (Insuf)    .00000     1.0000     .00000    
Automated_script.NumberBusy                 .72566     (Corr)     .00000     2.0000     .00000    
Automated_script.NumberScheduled            2.0000     (Insuf)    2.0000     2.0000     2.0000    
Automated_script.Utilization                .36283     (Corr)     .00000     1.0000     .00000    
STEAM.NumberBusy                            .74287     (Corr)     .00000     4.0000     1.0000    
STEAM.NumberScheduled                       4.0000     (Insuf)    4.0000     4.0000     4.0000    
STEAM.Utilization                           .18572     (Corr)     .00000     1.0000     .25000    
Process EQUIP by STEAM.Queue.NumberInQueue  .00000     (Insuf)    .00000     .00000     .00000    
Process BED by nurse.Queue.NumberInQueue    .00860     (Insuf)    .00000     3.0000     .00000    
Process DIAGNOSTIC by IT.Queue.NumberInQue  7.2222E-04 (Insuf)    .00000     1.0000     .00000    
Process MIoT by MD.Queue.NumberInQueue      .01203     (Insuf)    .00000     2.0000     .00000    
Process ICT by IT.Queue.NumberInQueue       .00000     (Insuf)    .00000     .00000     .00000    
Process suspicions.Queue.NumberInQueue      .00581     (Insuf)    .00000     2.0000     .00000    
Mitigate and Respond.Queue.NumberInQueue    .00000     (Insuf)    .00000     .00000     .00000    
Automated Data Processing.Queue.NumberInQu  7.2925     (Corr)     .00000     118.00     .00000    
Process WEARABLE by nurse.Queue.NumberInQu  .01041     (Insuf)    .00000     3.0000     .00000    
Process HOSPITAL by IT.Queue.NumberInQueue  .00000     (Insuf)    .00000     .00000     .00000    

                                             OUTPUTS

Identifier                                   Value
_____________________________________________________________

E_2ND.NumberIn                              3187.0    
E_2ND.NumberOut                             3187.0    
E_1ST.NumberIn                              1949.0    
E_1ST.NumberOut                             1949.0    
E_3RD.NumberIn                              235.00    
E_3RD.NumberOut                             234.00    
MD.NumberSeized                             10.000    
MD.ScheduledUtilization                     .02715    
RTEAM.NumberSeized                          2.0000    
RTEAM.ScheduledUtilization                  .00328    
NURSE.NumberSeized                          479.00    
NURSE.ScheduledUtilization                  .19933    
TTEAM.NumberSeized                          150.00    
TTEAM.ScheduledUtilization                  .12730    
Automated_script.NumberSeized               1046.0    
Automated_script.ScheduledUtilization       .36283    
STEAM.NumberSeized                          217.00    
STEAM.ScheduledUtilization                  .18572    
System.NumberOut                            5370.0    

Beginning replication 2 of 10

                                      ARENA Simulation Results
                                        - License: 7328734345

                                  Summary for Replication 2 of 10

Project: Unnamed Project                                             Run execution date :11/14/2024
Analyst: Rockwell Automation                                         Model revision date:11/14/2024

Replication ended at time      : 1440.0 Minutes 
Base Time Units: Minutes

                                           TALLY VARIABLES

Identifier                                  Average   Half Width  Minimum    Maximum   Observations
___________________________________________________________________________________________________

Record total obsolete                       288.50     (Corr)     1.0000     576.00        576    
E_2ND.VATime                                .37749     (Corr)     .00000     21.739       3355    
E_2ND.NVATime                               .00000     .00000     .00000     .00000       3355    
E_2ND.WaitTime                              4.4878     (Corr)     .00000     195.04       3355    
E_2ND.TranTime                              .00000     .00000     .00000     .00000       3355    
E_2ND.OtherTime                             .00000     .00000     .00000     .00000       3355    
E_2ND.TotalTime                             4.8653     (Corr)     .00000     196.39       3355    
E_1ST.VATime                                1.1857     (Corr)     .00000     10.982       1940    
E_1ST.NVATime                               .00000     .00000     .00000     .00000       1940    
E_1ST.WaitTime                              .08078     (Corr)     .00000     5.2613       1940    
E_1ST.TranTime                              .00000     .00000     .00000     .00000       1940    
E_1ST.OtherTime                             .00000     .00000     .00000     .00000       1940    
E_1ST.TotalTime                             1.2665     (Corr)     .00000     13.141       1940    
E_3RD.VATime                                4.8701     (Insuf)    .59758     11.723        239    
E_3RD.NVATime                               .00000     (Insuf)    .00000     .00000        239    
E_3RD.WaitTime                              .03507     (Insuf)    .00000     .91878        239    
E_3RD.TranTime                              .00000     (Insuf)    .00000     .00000        239    
E_3RD.OtherTime                             .00000     (Insuf)    .00000     .00000        239    
E_3RD.TotalTime                             4.9052     (Insuf)    .67364     11.723        239    
Process EQUIP by STEAM.Queue.WaitingTime    .00000     (Insuf)    .00000     .00000          1    
Process BED by nurse.Queue.WaitingTime      .05085     (Insuf)    .00000     2.2013        185    
Process DIAGNOSTIC by IT.Queue.WaitingTime  .00000     (Insuf)    .00000     .00000         59    
Process MIoT by MD.Queue.WaitingTime        .82187     (Insuf)    .00000     3.5721          7    
Process ICT by IT.Queue.WaitingTime         .00000     (Insuf)    .00000     .00000         21    
Process suspicions.Queue.WaitingTime        .03315     (Insuf)    .00000     2.2587        233    
Mitigate and Respond.Queue.WaitingTime      .00000     (Insuf)    .00000     .00000          2    
Automated Data Processing.Queue.WaitingTim  13.762     (Corr)     .00000     195.04       1103    
Process WEARABLE by nurse.Queue.WaitingTim  .06233     (Insuf)    .00000     2.0355        299    
Process HOSPITAL by IT.Queue.WaitingTime    .00000     (Insuf)    .00000     .00000         53    

                                     DISCRETE-CHANGE VARIABLES

Identifier                                  Average   Half Width  Minimum    Maximum   Final Value
___________________________________________________________________________________________________

E_2ND.WIP                                   11.335     (Corr)     .00000     166.00     .00000    
E_1ST.WIP                                   1.7063     (Corr)     .00000     14.000     .00000    
E_3RD.WIP                                   .81860     (Corr)     .00000     7.0000     2.0000    
MD.NumberBusy                               .04703     (Insuf)    .00000     2.0000     .00000    
MD.NumberScheduled                          2.0000     (Insuf)    2.0000     2.0000     2.0000    
MD.Utilization                              .02351     (Insuf)    .00000     1.0000     .00000    
RTEAM.NumberBusy                            .01681     (Insuf)    .00000     1.0000     .00000    
RTEAM.NumberScheduled                       5.0000     (Insuf)    5.0000     5.0000     5.0000    
RTEAM.Utilization                           .00336     (Insuf)    .00000     .20000     .00000    
NURSE.NumberBusy                            1.0661     (Corr)     .00000     5.0000     1.0000    
NURSE.NumberScheduled                       5.0000     (Insuf)    5.0000     5.0000     5.0000    
NURSE.Utilization                           .21322     (Corr)     .00000     1.0000     .20000    
TTEAM.NumberBusy                            .59796     (Insuf)    .00000     5.0000     1.0000    
TTEAM.NumberScheduled                       5.0000     (Insuf)    5.0000     5.0000     5.0000    
TTEAM.Utilization                           .11959     (Insuf)    .00000     1.0000     .20000    
Automated_script.NumberBusy                 .76708     (Corr)     .00000     2.0000     .00000    
Automated_script.NumberScheduled            2.0000     (Insuf)    2.0000     2.0000     2.0000    
Automated_script.Utilization                .38354     (Corr)     .00000     1.0000     .00000    
STEAM.NumberBusy                            .79477     (Corr)     .00000     4.0000     .00000    
STEAM.NumberScheduled                       4.0000     (Insuf)    4.0000     4.0000     4.0000    
STEAM.Utilization                           .19869     (Corr)     .00000     1.0000     .00000    
Process EQUIP by STEAM.Queue.NumberInQueue  .00000     (Insuf)    .00000     .00000     .00000    
Process BED by nurse.Queue.NumberInQueue    .00653     (Insuf)    .00000     2.0000     .00000    
Process DIAGNOSTIC by IT.Queue.NumberInQue  .00000     (Insuf)    .00000     .00000     .00000    
Process MIoT by MD.Queue.NumberInQueue      .00400     (Insuf)    .00000     1.0000     .00000    
Process ICT by IT.Queue.NumberInQueue       .00000     (Insuf)    .00000     .00000     .00000    
Process suspicions.Queue.NumberInQueue      .00536     (Insuf)    .00000     1.0000     .00000    
Mitigate and Respond.Queue.NumberInQueue    .00000     (Insuf)    .00000     .00000     .00000    
Automated Data Processing.Queue.NumberInQu  10.541     (Corr)     .00000     156.00     .00000    
Process WEARABLE by nurse.Queue.NumberInQu  .01294     (Insuf)    .00000     3.0000     .00000    
Process HOSPITAL by IT.Queue.NumberInQueue  .00000     (Insuf)    .00000     .00000     .00000    

                                             OUTPUTS

Identifier                                   Value
_____________________________________________________________

E_2ND.NumberIn                              3355.0    
E_2ND.NumberOut                             3355.0    
E_1ST.NumberIn                              1940.0    
E_1ST.NumberOut                             1940.0    
E_3RD.NumberIn                              241.00    
E_3RD.NumberOut                             239.00    
MD.NumberSeized                             8.0000    
MD.ScheduledUtilization                     .02351    
RTEAM.NumberSeized                          2.0000    
RTEAM.ScheduledUtilization                  .00336    
NURSE.NumberSeized                          484.00    
NURSE.ScheduledUtilization                  .21322    
TTEAM.NumberSeized                          133.00    
TTEAM.ScheduledUtilization                  .11959    
Automated_script.NumberSeized               1103.0    
Automated_script.ScheduledUtilization       .38354    
STEAM.NumberSeized                          233.00    
STEAM.ScheduledUtilization                  .19869    
System.NumberOut                            5534.0    

Beginning replication 3 of 10

                                      ARENA Simulation Results
                                        - License: 7328734345

                                  Summary for Replication 3 of 10

Project: Unnamed Project                                             Run execution date :11/14/2024
Analyst: Rockwell Automation                                         Model revision date:11/14/2024

Replication ended at time      : 1440.0 Minutes 
Base Time Units: Minutes

                                           TALLY VARIABLES

Identifier                                  Average   Half Width  Minimum    Maximum   Observations
___________________________________________________________________________________________________

Record total obsolete                       284.50     (Corr)     1.0000     568.00        568    
E_2ND.VATime                                .37389     (Corr)     .00000     19.633       3316    
E_2ND.NVATime                               .00000     .00000     .00000     .00000       3316    
E_2ND.WaitTime                              4.3536     (Corr)     .00000     179.50       3316    
E_2ND.TranTime                              .00000     .00000     .00000     .00000       3316    
E_2ND.OtherTime                             .00000     .00000     .00000     .00000       3316    
E_2ND.TotalTime                             4.7275     (Corr)     .00000     180.40       3316    
E_1ST.VATime                                1.2235     (Corr)     .00000     11.917       1968    
E_1ST.NVATime                               .00000     .00000     .00000     .00000       1968    
E_1ST.WaitTime                              .11917     (Corr)     .00000     9.5526       1968    
E_1ST.TranTime                              .00000     .00000     .00000     .00000       1968    
E_1ST.OtherTime                             .00000     .00000     .00000     .00000       1968    
E_1ST.TotalTime                             1.3426     (Corr)     .00000     14.616       1968    
E_3RD.VATime                                4.6310     (Insuf)    .77032     10.885        220    
E_3RD.NVATime                               .00000     (Insuf)    .00000     .00000        220    
E_3RD.WaitTime                              .04993     (Insuf)    .00000     4.2190        220    
E_3RD.TranTime                              .00000     (Insuf)    .00000     .00000        220    
E_3RD.OtherTime                             .00000     (Insuf)    .00000     .00000        220    
E_3RD.TotalTime                             4.6809     (Insuf)    .77032     10.885        220    
Process EQUIP by STEAM.Queue.WaitingTime    1.5844     (Insuf)    .00000     3.1689          2    
Process BED by nurse.Queue.WaitingTime      .04744     (Insuf)    .00000     1.3490        185    
Process DIAGNOSTIC by IT.Queue.WaitingTime  .00000     (Insuf)    .00000     .00000         55    
Process MIoT by MD.Queue.WaitingTime        1.1230     (Insuf)    .00000     5.0316          8    
Process ICT by IT.Queue.WaitingTime         .00000     (Insuf)    .00000     .00000         20    
Process suspicions.Queue.WaitingTime        .04649     (Insuf)    .00000     4.2190        226    
Mitigate and Respond.Queue.WaitingTime      .00000     (Insuf)    .00000     .00000          2    
Automated Data Processing.Queue.WaitingTim  13.083     (Corr)     .00000     179.50       1119    
Process WEARABLE by nurse.Queue.WaitingTim  .02935     .02543     .00000     2.0357        349    
Process HOSPITAL by IT.Queue.WaitingTime    .00000     (Insuf)    .00000     .00000         49    

                                     DISCRETE-CHANGE VARIABLES

Identifier                                  Average   Half Width  Minimum    Maximum   Final Value
___________________________________________________________________________________________________

E_2ND.WIP                                   10.886     (Corr)     .00000     162.00     .00000    
E_1ST.WIP                                   1.8350     (Corr)     .00000     14.000     .00000    
E_3RD.WIP                                   .72136     (Corr)     .00000     9.0000     2.0000    
MD.NumberBusy                               .05452     (Insuf)    .00000     2.0000     .00000    
MD.NumberScheduled                          2.0000     (Insuf)    2.0000     2.0000     2.0000    
MD.Utilization                              .02726     (Insuf)    .00000     1.0000     .00000    
RTEAM.NumberBusy                            .01578     (Insuf)    .00000     1.0000     .00000    
RTEAM.NumberScheduled                       5.0000     (Insuf)    5.0000     5.0000     5.0000    
RTEAM.Utilization                           .00316     (Insuf)    .00000     .20000     .00000    
NURSE.NumberBusy                            1.0868     (Corr)     .00000     5.0000     1.0000    
NURSE.NumberScheduled                       5.0000     (Insuf)    5.0000     5.0000     5.0000    
NURSE.Utilization                           .21737     (Corr)     .00000     1.0000     .20000    
TTEAM.NumberBusy                            .54119     (Insuf)    .00000     5.0000     1.0000    
TTEAM.NumberScheduled                       5.0000     (Insuf)    5.0000     5.0000     5.0000    
TTEAM.Utilization                           .10824     (Insuf)    .00000     1.0000     .20000    
Automated_script.NumberBusy                 .77571     (Corr)     .00000     2.0000     .00000    
Automated_script.NumberScheduled            2.0000     (Insuf)    2.0000     2.0000     2.0000    
Automated_script.Utilization                .38786     (Corr)     .00000     1.0000     .00000    
STEAM.NumberBusy                            .77279     (Corr)     .00000     4.0000     .00000    
STEAM.NumberScheduled                       4.0000     (Insuf)    4.0000     4.0000     4.0000    
STEAM.Utilization                           .19320     (Corr)     .00000     1.0000     .00000    
Process EQUIP by STEAM.Queue.NumberInQueue  .00220     (Insuf)    .00000     1.0000     .00000    
Process BED by nurse.Queue.NumberInQueue    .00609     (Insuf)    .00000     2.0000     .00000    
Process DIAGNOSTIC by IT.Queue.NumberInQue  .00000     (Insuf)    .00000     .00000     .00000    
Process MIoT by MD.Queue.NumberInQueue      .00624     (Insuf)    .00000     1.0000     .00000    
Process ICT by IT.Queue.NumberInQueue       .00000     (Insuf)    .00000     .00000     .00000    
Process suspicions.Queue.NumberInQueue      .00730     (Insuf)    .00000     2.0000     .00000    
Mitigate and Respond.Queue.NumberInQueue    .00000     (Insuf)    .00000     .00000     .00000    
Automated Data Processing.Queue.NumberInQu  10.167     (Corr)     .00000     151.00     .00000    
Process WEARABLE by nurse.Queue.NumberInQu  .00711     (Insuf)    .00000     2.0000     .00000    
Process HOSPITAL by IT.Queue.NumberInQueue  .00000     (Insuf)    .00000     .00000     .00000    

                                             OUTPUTS

Identifier                                   Value
_____________________________________________________________

E_2ND.NumberIn                              3316.0    
E_2ND.NumberOut                             3316.0    
E_1ST.NumberIn                              1968.0    
E_1ST.NumberOut                             1968.0    
E_3RD.NumberIn                              222.00    
E_3RD.NumberOut                             220.00    
MD.NumberSeized                             10.000    
MD.ScheduledUtilization                     .02726    
RTEAM.NumberSeized                          2.0000    
RTEAM.ScheduledUtilization                  .00316    
NURSE.NumberSeized                          534.00    
NURSE.ScheduledUtilization                  .21737    
TTEAM.NumberSeized                          124.00    
TTEAM.ScheduledUtilization                  .10824    
Automated_script.NumberSeized               1119.0    
Automated_script.ScheduledUtilization       .38786    
STEAM.NumberSeized                          226.00    
STEAM.ScheduledUtilization                  .19320    
System.NumberOut                            5504.0    

Beginning replication 4 of 10

                                      ARENA Simulation Results
                                        - License: 7328734345

                                  Summary for Replication 4 of 10

Project: Unnamed Project                                             Run execution date :11/14/2024
Analyst: Rockwell Automation                                         Model revision date:11/14/2024

Replication ended at time      : 1440.0 Minutes 
Base Time Units: Minutes

                                           TALLY VARIABLES

Identifier                                  Average   Half Width  Minimum    Maximum   Observations
___________________________________________________________________________________________________

Record total obsolete                       252.00     (Corr)     1.0000     503.00        503    
E_2ND.VATime                                .39302     (Corr)     .00000     20.947       3320    
E_2ND.NVATime                               .00000     .00000     .00000     .00000       3320    
E_2ND.WaitTime                              2.9901     (Corr)     .00000     163.59       3320    
E_2ND.TranTime                              .00000     .00000     .00000     .00000       3320    
E_2ND.OtherTime                             .00000     .00000     .00000     .00000       3320    
E_2ND.TotalTime                             3.3831     (Corr)     .00000     164.78       3320    
E_1ST.VATime                                1.1400     (Corr)     .00000     12.058       1998    
E_1ST.NVATime                               .00000     .00000     .00000     .00000       1998    
E_1ST.WaitTime                              .12808     (Corr)     .00000     6.3159       1998    
E_1ST.TranTime                              .00000     .00000     .00000     .00000       1998    
E_1ST.OtherTime                             .00000     .00000     .00000     .00000       1998    
E_1ST.TotalTime                             1.2681     (Corr)     .00000     12.924       1998    
E_3RD.VATime                                4.6947     (Insuf)    .61657     12.564        225    
E_3RD.NVATime                               .00000     (Insuf)    .00000     .00000        225    
E_3RD.WaitTime                              .01342     (Insuf)    .00000     .69409        225    
E_3RD.TranTime                              .00000     (Insuf)    .00000     .00000        225    
E_3RD.OtherTime                             .00000     (Insuf)    .00000     .00000        225    
E_3RD.TotalTime                             4.7081     (Insuf)    .61657     12.564        225    
Process EQUIP by STEAM.Queue.WaitingTime    .00000     (Insuf)    .00000     .00000          2    
Process BED by nurse.Queue.WaitingTime      .01152     (Insuf)    .00000     .79535        169    
Process DIAGNOSTIC by IT.Queue.WaitingTime  .00000     (Insuf)    .00000     .00000         57    
Process MIoT by MD.Queue.WaitingTime        .00000     (Insuf)    .00000     .00000          4    
Process ICT by IT.Queue.WaitingTime         .00000     (Insuf)    .00000     .00000         24    
Process suspicions.Queue.WaitingTime        .15475     (Insuf)    .00000     8.7840        224    
Mitigate and Respond.Queue.WaitingTime      .00000     (Insuf)    .00000     .00000          2    
Automated Data Processing.Queue.WaitingTim  9.3646     (Corr)     .00000     163.59       1083    
Process WEARABLE by nurse.Queue.WaitingTim  .01827     .01759     .00000     1.5175        360    
Process HOSPITAL by IT.Queue.WaitingTime    .01603     (Insuf)    .00000     1.0099         63    

                                     DISCRETE-CHANGE VARIABLES

Identifier                                  Average   Half Width  Minimum    Maximum   Final Value
___________________________________________________________________________________________________

E_2ND.WIP                                   7.8000     (Corr)     .00000     121.00     .00000    
E_1ST.WIP                                   1.7595     (Corr)     .00000     15.000     .00000    
E_3RD.WIP                                   .74180     (Corr)     .00000     6.0000     3.0000    
MD.NumberBusy                               .03476     (Insuf)    .00000     2.0000     .00000    
MD.NumberScheduled                          2.0000     (Insuf)    2.0000     2.0000     2.0000    
MD.Utilization                              .01738     (Insuf)    .00000     1.0000     .00000    
RTEAM.NumberBusy                            .01534     (Insuf)    .00000     2.0000     .00000    
RTEAM.NumberScheduled                       5.0000     (Insuf)    5.0000     5.0000     5.0000    
RTEAM.Utilization                           .00307     (Insuf)    .00000     .40000     .00000    
NURSE.NumberBusy                            1.0321     (Corr)     .00000     5.0000     1.0000    
NURSE.NumberScheduled                       5.0000     (Insuf)    5.0000     5.0000     5.0000    
NURSE.Utilization                           .20643     (Corr)     .00000     1.0000     .20000    
TTEAM.NumberBusy                            .62567     (Insuf)    .00000     5.0000     1.0000    
TTEAM.NumberScheduled                       5.0000     (Insuf)    5.0000     5.0000     5.0000    
TTEAM.Utilization                           .12513     (Insuf)    .00000     1.0000     .20000    
Automated_script.NumberBusy                 .74704     (Corr)     .00000     2.0000     1.0000    
Automated_script.NumberScheduled            2.0000     (Insuf)    2.0000     2.0000     2.0000    
Automated_script.Utilization                .37352     (Corr)     .00000     1.0000     .50000    
STEAM.NumberBusy                            .77267     (Corr)     .00000     4.0000     .00000    
STEAM.NumberScheduled                       4.0000     (Insuf)    4.0000     4.0000     4.0000    
STEAM.Utilization                           .19317     (Corr)     .00000     1.0000     .00000    
Process EQUIP by STEAM.Queue.NumberInQueue  .00000     (Insuf)    .00000     .00000     .00000    
Process BED by nurse.Queue.NumberInQueue    .00135     (Insuf)    .00000     2.0000     .00000    
Process DIAGNOSTIC by IT.Queue.NumberInQue  .00000     (Insuf)    .00000     .00000     .00000    
Process MIoT by MD.Queue.NumberInQueue      .00000     (Insuf)    .00000     .00000     .00000    
Process ICT by IT.Queue.NumberInQueue       .00000     (Insuf)    .00000     .00000     .00000    
Process suspicions.Queue.NumberInQueue      .02407     (Insuf)    .00000     3.0000     .00000    
Mitigate and Respond.Queue.NumberInQueue    .00000     (Insuf)    .00000     .00000     .00000    
Automated Data Processing.Queue.NumberInQu  7.0430     (Corr)     .00000     110.00     .00000    
Process WEARABLE by nurse.Queue.NumberInQu  .00457     (Insuf)    .00000     1.0000     .00000    
Process HOSPITAL by IT.Queue.NumberInQueue  7.0137E-04 (Insuf)    .00000     1.0000     .00000    

                                             OUTPUTS

Identifier                                   Value
_____________________________________________________________

E_2ND.NumberIn                              3320.0    
E_2ND.NumberOut                             3320.0    
E_1ST.NumberIn                              1998.0    
E_1ST.NumberOut                             1998.0    
E_3RD.NumberIn                              228.00    
E_3RD.NumberOut                             225.00    
MD.NumberSeized                             6.0000    
MD.ScheduledUtilization                     .01738    
RTEAM.NumberSeized                          2.0000    
RTEAM.ScheduledUtilization                  .00307    
NURSE.NumberSeized                          529.00    
NURSE.ScheduledUtilization                  .20643    
TTEAM.NumberSeized                          144.00    
TTEAM.ScheduledUtilization                  .12513    
Automated_script.NumberSeized               1083.0    
Automated_script.ScheduledUtilization       .37352    
STEAM.NumberSeized                          224.00    
STEAM.ScheduledUtilization                  .19317    
System.NumberOut                            5543.0    

Beginning replication 5 of 10

                                      ARENA Simulation Results
                                        - License: 7328734345

                                  Summary for Replication 5 of 10

Project: Unnamed Project                                             Run execution date :11/14/2024
Analyst: Rockwell Automation                                         Model revision date:11/14/2024

Replication ended at time      : 1440.0 Minutes 
Base Time Units: Minutes

                                           TALLY VARIABLES

Identifier                                  Average   Half Width  Minimum    Maximum   Observations
___________________________________________________________________________________________________

Record total obsolete                       296.00     (Corr)     1.0000     591.00        591    
E_2ND.VATime                                .37216     (Corr)     .00000     15.755       3401    
E_2ND.NVATime                               .00000     .00000     .00000     .00000       3401    
E_2ND.WaitTime                              3.7046     (Corr)     .00000     183.58       3401    
E_2ND.TranTime                              .00000     .00000     .00000     .00000       3401    
E_2ND.OtherTime                             .00000     .00000     .00000     .00000       3401    
E_2ND.TotalTime                             4.0767     (Corr)     .00000     184.67       3401    
E_1ST.VATime                                1.2752     (Corr)     .00000     11.079       1937    
E_1ST.NVATime                               .00000     .00000     .00000     .00000       1937    
E_1ST.WaitTime                              .15816     (Corr)     .00000     9.9837       1937    
E_1ST.TranTime                              .00000     .00000     .00000     .00000       1937    
E_1ST.OtherTime                             .00000     .00000     .00000     .00000       1937    
E_1ST.TotalTime                             1.4333     (Corr)     .00000     18.132       1937    
E_3RD.VATime                                4.8909     (Insuf)    .62791     12.253        236    
E_3RD.NVATime                               .00000     (Insuf)    .00000     .00000        236    
E_3RD.WaitTime                              .02988     (Insuf)    .00000     .95758        236    
E_3RD.TranTime                              .00000     (Insuf)    .00000     .00000        236    
E_3RD.OtherTime                             .00000     (Insuf)    .00000     .00000        236    
E_3RD.TotalTime                             4.9208     (Insuf)    .62791     12.253        236    
Process EQUIP by STEAM.Queue.WaitingTime    .00000     (Insuf)    .00000     .00000          1    
Process BED by nurse.Queue.WaitingTime      .07519     (Insuf)    .00000     3.6543        184    
Process DIAGNOSTIC by IT.Queue.WaitingTime  .00000     (Insuf)    .00000     .00000         56    
Process MIoT by MD.Queue.WaitingTime        3.3449     (Insuf)    .00000     13.519         11    
Process ICT by IT.Queue.WaitingTime         .00000     (Insuf)    .00000     .00000         20    
Process suspicions.Queue.WaitingTime        .14079     (Insuf)    .00000     3.7335        219    
Mitigate and Respond.Queue.WaitingTime          --         --         --         --          0
Automated Data Processing.Queue.WaitingTim  11.525     (Corr)     .00000     183.58       1110    
Process WEARABLE by nurse.Queue.WaitingTim  .10512     .08318     .00000     3.7695        337    
Process HOSPITAL by IT.Queue.WaitingTime    .04167     (Insuf)    .00000     2.0529         64    

                                     DISCRETE-CHANGE VARIABLES

Identifier                                  Average   Half Width  Minimum    Maximum   Final Value
___________________________________________________________________________________________________

E_2ND.WIP                                   9.6285     (Corr)     .00000     141.00     .00000    
E_1ST.WIP                                   1.9280     (Corr)     .00000     18.000     .00000    
E_3RD.WIP                                   .81661     (Corr)     .00000     8.0000     3.0000    
MD.NumberBusy                               .06205     (Insuf)    .00000     2.0000     .00000    
MD.NumberScheduled                          2.0000     (Insuf)    2.0000     2.0000     2.0000    
MD.Utilization                              .03103     (Insuf)    .00000     1.0000     .00000    
RTEAM.NumberBusy                            .00000     (Insuf)    .00000     .00000     .00000    
RTEAM.NumberScheduled                       5.0000     (Insuf)    5.0000     5.0000     5.0000    
RTEAM.Utilization                           .00000     (Insuf)    .00000     .00000     .00000    
NURSE.NumberBusy                            1.1502     (Corr)     .00000     5.0000     .00000    
NURSE.NumberScheduled                       5.0000     (Insuf)    5.0000     5.0000     5.0000    
NURSE.Utilization                           .23005     (Corr)     .00000     1.0000     .00000    
TTEAM.NumberBusy                            .66407     (Insuf)    .00000     5.0000     .00000    
TTEAM.NumberScheduled                       5.0000     (Insuf)    5.0000     5.0000     5.0000    
TTEAM.Utilization                           .13281     (Insuf)    .00000     1.0000     .00000    
Automated_script.NumberBusy                 .76999     (Corr)     .00000     2.0000     1.0000    
Automated_script.NumberScheduled            2.0000     (Insuf)    2.0000     2.0000     2.0000    
Automated_script.Utilization                .38499     (Corr)     .00000     1.0000     .50000    
STEAM.NumberBusy                            .75966     (Corr)     .00000     4.0000     2.0000    
STEAM.NumberScheduled                       4.0000     (Insuf)    4.0000     4.0000     4.0000    
STEAM.Utilization                           .18992     (Corr)     .00000     1.0000     .50000    
Process EQUIP by STEAM.Queue.NumberInQueue  .00000     (Insuf)    .00000     .00000     .00000    
Process BED by nurse.Queue.NumberInQueue    .00961     (Insuf)    .00000     2.0000     .00000    
Process DIAGNOSTIC by IT.Queue.NumberInQue  .00000     (Insuf)    .00000     .00000     .00000    
Process MIoT by MD.Queue.NumberInQueue      .02555     (Insuf)    .00000     4.0000     .00000    
Process ICT by IT.Queue.NumberInQueue       .00000     (Insuf)    .00000     .00000     .00000    
Process suspicions.Queue.NumberInQueue      .02141     (Insuf)    .00000     4.0000     .00000    
Mitigate and Respond.Queue.NumberInQueue    .00000     (Insuf)    .00000     .00000     .00000    
Automated Data Processing.Queue.NumberInQu  8.8842     (Corr)     .00000     136.00     .00000    
Process WEARABLE by nurse.Queue.NumberInQu  .02460     (Insuf)    .00000     4.0000     .00000    
Process HOSPITAL by IT.Queue.NumberInQueue  .00185     (Insuf)    .00000     1.0000     .00000    

                                             OUTPUTS

Identifier                                   Value
_____________________________________________________________

E_2ND.NumberIn                              3401.0    
E_2ND.NumberOut                             3401.0    
E_1ST.NumberIn                              1937.0    
E_1ST.NumberOut                             1937.0    
E_3RD.NumberIn                              239.00    
E_3RD.NumberOut                             236.00    
MD.NumberSeized                             12.000    
MD.ScheduledUtilization                     .03103    
RTEAM.NumberSeized                          .00000    
RTEAM.ScheduledUtilization                  .00000    
NURSE.NumberSeized                          521.00    
NURSE.ScheduledUtilization                  .23005    
TTEAM.NumberSeized                          140.00    
TTEAM.ScheduledUtilization                  .13281    
Automated_script.NumberSeized               1110.0    
Automated_script.ScheduledUtilization       .38499    
STEAM.NumberSeized                          219.00    
STEAM.ScheduledUtilization                  .18992    
System.NumberOut                            5574.0    

Beginning replication 6 of 10

                                      ARENA Simulation Results
                                        - License: 7328734345

                                  Summary for Replication 6 of 10

Project: Unnamed Project                                             Run execution date :11/14/2024
Analyst: Rockwell Automation                                         Model revision date:11/14/2024

Replication ended at time      : 1440.0 Minutes 
Base Time Units: Minutes

                                           TALLY VARIABLES

Identifier                                  Average   Half Width  Minimum    Maximum   Observations
___________________________________________________________________________________________________

Record total obsolete                       313.00     (Corr)     1.0000     625.00        625    
E_2ND.VATime                                .39788     (Corr)     .00000     22.789       3244    
E_2ND.NVATime                               .00000     .00000     .00000     .00000       3244    
E_2ND.WaitTime                              3.9897     (Corr)     .00000     180.27       3244    
E_2ND.TranTime                              .00000     .00000     .00000     .00000       3244    
E_2ND.OtherTime                             .00000     .00000     .00000     .00000       3244    
E_2ND.TotalTime                             4.3876     (Corr)     .00000     181.37       3244    
E_1ST.VATime                                1.2127     (Corr)     .00000     16.095       2015    
E_1ST.NVATime                               .00000     .00000     .00000     .00000       2015    
E_1ST.WaitTime                              .16221     (Corr)     .00000     10.475       2015    
E_1ST.TranTime                              .00000     .00000     .00000     .00000       2015    
E_1ST.OtherTime                             .00000     .00000     .00000     .00000       2015    
E_1ST.TotalTime                             1.3749     (Corr)     .00000     22.100       2015    
E_3RD.VATime                                4.8410     (Insuf)    .64099     13.037        274    
E_3RD.NVATime                               .00000     (Insuf)    .00000     .00000        274    
E_3RD.WaitTime                              .05157     (Insuf)    .00000     1.3379        274    
E_3RD.TranTime                              .00000     (Insuf)    .00000     .00000        274    
E_3RD.OtherTime                             .00000     (Insuf)    .00000     .00000        274    
E_3RD.TotalTime                             4.8926     (Insuf)    .64099     13.037        274    
Process EQUIP by STEAM.Queue.WaitingTime    .00000     (Insuf)    .00000     .00000          2    
Process BED by nurse.Queue.WaitingTime      .07479     (Insuf)    .00000     2.1948        204    
Process DIAGNOSTIC by IT.Queue.WaitingTime  .00000     (Insuf)    .00000     .00000         53    
Process MIoT by MD.Queue.WaitingTime        .00000     (Insuf)    .00000     .00000          6    
Process ICT by IT.Queue.WaitingTime         .00000     (Insuf)    .00000     .00000         12    
Process suspicions.Queue.WaitingTime        .04513     (Insuf)    .00000     3.4075        233    
Mitigate and Respond.Queue.WaitingTime      .00000     (Insuf)    .00000     .00000          3    
Automated Data Processing.Queue.WaitingTim  11.168     (Corr)     .00000     180.27       1185    
Process WEARABLE by nurse.Queue.WaitingTim  .06633     .06418     .00000     3.5603        360    
Process HOSPITAL by IT.Queue.WaitingTime    .00000     (Insuf)    .00000     .00000         82    

                                     DISCRETE-CHANGE VARIABLES

Identifier                                  Average   Half Width  Minimum    Maximum   Final Value
___________________________________________________________________________________________________

E_2ND.WIP                                   9.8844     (Corr)     .00000     147.00     .00000    
E_1ST.WIP                                   1.9239     (Corr)     .00000     18.000     .00000    
E_3RD.WIP                                   .93771     (Corr)     .00000     8.0000     3.0000    
MD.NumberBusy                               .05047     (Insuf)    .00000     2.0000     .00000    
MD.NumberScheduled                          2.0000     (Insuf)    2.0000     2.0000     2.0000    
MD.Utilization                              .02523     (Insuf)    .00000     1.0000     .00000    
RTEAM.NumberBusy                            .02307     (Insuf)    .00000     2.0000     .00000    
RTEAM.NumberScheduled                       5.0000     (Insuf)    5.0000     5.0000     5.0000    
RTEAM.Utilization                           .00461     (Insuf)    .00000     .40000     .00000    
NURSE.NumberBusy                            1.2124     (Corr)     .00000     5.0000     1.0000    
NURSE.NumberScheduled                       5.0000     (Insuf)    5.0000     5.0000     5.0000    
NURSE.Utilization                           .24248     (Corr)     .00000     1.0000     .20000    
TTEAM.NumberBusy                            .63135     (Insuf)    .00000     5.0000     2.0000    
TTEAM.NumberScheduled                       5.0000     (Insuf)    5.0000     5.0000     5.0000    
TTEAM.Utilization                           .12627     (Insuf)    .00000     1.0000     .40000    
Automated_script.NumberBusy                 .82046     (Corr)     .00000     2.0000     .00000    
Automated_script.NumberScheduled            2.0000     (Insuf)    2.0000     2.0000     2.0000    
Automated_script.Utilization                .41023     (Corr)     .00000     1.0000     .00000    
STEAM.NumberBusy                            .78349     (Corr)     .00000     4.0000     .00000    
STEAM.NumberScheduled                       4.0000     (Insuf)    4.0000     4.0000     4.0000    
STEAM.Utilization                           .19587     (Corr)     .00000     1.0000     .00000    
Process EQUIP by STEAM.Queue.NumberInQueue  .00000     (Insuf)    .00000     .00000     .00000    
Process BED by nurse.Queue.NumberInQueue    .01060     (Insuf)    .00000     2.0000     .00000    
Process DIAGNOSTIC by IT.Queue.NumberInQue  .00000     (Insuf)    .00000     .00000     .00000    
Process MIoT by MD.Queue.NumberInQueue      .00000     (Insuf)    .00000     .00000     .00000    
Process ICT by IT.Queue.NumberInQueue       .00000     (Insuf)    .00000     .00000     .00000    
Process suspicions.Queue.NumberInQueue      .00730     (Insuf)    .00000     3.0000     .00000    
Mitigate and Respond.Queue.NumberInQueue    .00000     (Insuf)    .00000     .00000     .00000    
Automated Data Processing.Queue.NumberInQu  9.1903     (Corr)     .00000     137.00     .00000    
Process WEARABLE by nurse.Queue.NumberInQu  .01658     (Insuf)    .00000     3.0000     .00000    
Process HOSPITAL by IT.Queue.NumberInQueue  .00000     (Insuf)    .00000     .00000     .00000    

                                             OUTPUTS

Identifier                                   Value
_____________________________________________________________

E_2ND.NumberIn                              3244.0    
E_2ND.NumberOut                             3244.0    
E_1ST.NumberIn                              2015.0    
E_1ST.NumberOut                             2015.0    
E_3RD.NumberIn                              277.00    
E_3RD.NumberOut                             274.00    
MD.NumberSeized                             8.0000    
MD.ScheduledUtilization                     .02523    
RTEAM.NumberSeized                          3.0000    
RTEAM.ScheduledUtilization                  .00461    
NURSE.NumberSeized                          564.00    
NURSE.ScheduledUtilization                  .24248    
TTEAM.NumberSeized                          147.00    
TTEAM.ScheduledUtilization                  .12627    
Automated_script.NumberSeized               1185.0    
Automated_script.ScheduledUtilization       .41023    
STEAM.NumberSeized                          233.00    
STEAM.ScheduledUtilization                  .19587    
System.NumberOut                            5533.0    

Beginning replication 7 of 10

                                      ARENA Simulation Results
                                        - License: 7328734345

                                  Summary for Replication 7 of 10

Project: Unnamed Project                                             Run execution date :11/14/2024
Analyst: Rockwell Automation                                         Model revision date:11/14/2024

Replication ended at time      : 1440.0 Minutes 
Base Time Units: Minutes

                                           TALLY VARIABLES

Identifier                                  Average   Half Width  Minimum    Maximum   Observations
___________________________________________________________________________________________________

Record total obsolete                       266.00     (Corr)     1.0000     531.00        531    
E_2ND.VATime                                .34786     (Corr)     .00000     19.512       3429    
E_2ND.NVATime                               .00000     .00000     .00000     .00000       3429    
E_2ND.WaitTime                              2.5899     (Corr)     .00000     167.26       3429    
E_2ND.TranTime                              .00000     .00000     .00000     .00000       3429    
E_2ND.OtherTime                             .00000     .00000     .00000     .00000       3429    
E_2ND.TotalTime                             2.9377     (Corr)     .00000     168.46       3429    
E_1ST.VATime                                1.1499     (Corr)     .00000     18.332       2018    
E_1ST.NVATime                               .00000     .00000     .00000     .00000       2018    
E_1ST.WaitTime                              .12092     (Corr)     .00000     5.9839       2018    
E_1ST.TranTime                              .00000     .00000     .00000     .00000       2018    
E_1ST.OtherTime                             .00000     .00000     .00000     .00000       2018    
E_1ST.TotalTime                             1.2708     (Corr)     .00000     20.115       2018    
E_3RD.VATime                                4.9380     (Insuf)    .55743     12.669        230    
E_3RD.NVATime                               .00000     (Insuf)    .00000     .00000        230    
E_3RD.WaitTime                              .01313     (Insuf)    .00000     .83525        230    
E_3RD.TranTime                              .00000     (Insuf)    .00000     .00000        230    
E_3RD.OtherTime                             .00000     (Insuf)    .00000     .00000        230    
E_3RD.TotalTime                             4.9511     (Insuf)    .55743     12.669        230    
Process EQUIP by STEAM.Queue.WaitingTime    2.3541     (Insuf)    .00000     6.6925          4    
Process BED by nurse.Queue.WaitingTime      .09431     (Insuf)    .00000     3.3660        160    
Process DIAGNOSTIC by IT.Queue.WaitingTime  .00000     (Insuf)    .00000     .00000         84    
Process MIoT by MD.Queue.WaitingTime        1.0120     (Insuf)    .00000     6.0723          6    
Process ICT by IT.Queue.WaitingTime         .00000     (Insuf)    .00000     .00000         15    
Process suspicions.Queue.WaitingTime        .05974     (Insuf)    .00000     3.2987        213    
Mitigate and Respond.Queue.WaitingTime      .00000     (Insuf)    .00000     .00000          1    
Automated Data Processing.Queue.WaitingTim  8.5796     (Corr)     .00000     167.26       1056    
Process WEARABLE by nurse.Queue.WaitingTim  .07455     .12360     .00000     5.1192        328    
Process HOSPITAL by IT.Queue.WaitingTime    .00000     (Insuf)    .00000     .00000         58    

                                     DISCRETE-CHANGE VARIABLES

Identifier                                  Average   Half Width  Minimum    Maximum   Final Value
___________________________________________________________________________________________________

E_2ND.WIP                                   6.9956     (Corr)     .00000     106.00     .00000    
E_1ST.WIP                                   1.7809     (Corr)     .00000     18.000     .00000    
E_3RD.WIP                                   .79320     (Corr)     .00000     6.0000     1.0000    
MD.NumberBusy                               .05745     (Insuf)    .00000     2.0000     .00000    
MD.NumberScheduled                          2.0000     (Insuf)    2.0000     2.0000     2.0000    
MD.Utilization                              .02873     (Insuf)    .00000     1.0000     .00000    
RTEAM.NumberBusy                            .00851     (Insuf)    .00000     1.0000     .00000    
RTEAM.NumberScheduled                       5.0000     (Insuf)    5.0000     5.0000     5.0000    
RTEAM.Utilization                           .00170     (Insuf)    .00000     .20000     .00000    
NURSE.NumberBusy                            1.0395     (Corr)     .00000     5.0000     .00000    
NURSE.NumberScheduled                       5.0000     (Insuf)    5.0000     5.0000     5.0000    
NURSE.Utilization                           .20791     (Corr)     .00000     1.0000     .00000    
TTEAM.NumberBusy                            .68987     (Insuf)    .00000     5.0000     1.0000    
TTEAM.NumberScheduled                       5.0000     (Insuf)    5.0000     5.0000     5.0000    
TTEAM.Utilization                           .13797     (Insuf)    .00000     1.0000     .20000    
Automated_script.NumberBusy                 .73469     (Corr)     .00000     2.0000     .00000    
Automated_script.NumberScheduled            2.0000     (Insuf)    2.0000     2.0000     2.0000    
Automated_script.Utilization                .36735     (Corr)     .00000     1.0000     .00000    
STEAM.NumberBusy                            .70084     (Corr)     .00000     4.0000     .00000    
STEAM.NumberScheduled                       4.0000     (Insuf)    4.0000     4.0000     4.0000    
STEAM.Utilization                           .17521     (Corr)     .00000     1.0000     .00000    
Process EQUIP by STEAM.Queue.NumberInQueue  .00654     (Insuf)    .00000     2.0000     .00000    
Process BED by nurse.Queue.NumberInQueue    .01048     (Insuf)    .00000     3.0000     .00000    
Process DIAGNOSTIC by IT.Queue.NumberInQue  .00000     (Insuf)    .00000     .00000     .00000    
Process MIoT by MD.Queue.NumberInQueue      .00422     (Insuf)    .00000     1.0000     .00000    
Process ICT by IT.Queue.NumberInQueue       .00000     (Insuf)    .00000     .00000     .00000    
Process suspicions.Queue.NumberInQueue      .00884     (Insuf)    .00000     3.0000     .00000    
Mitigate and Respond.Queue.NumberInQueue    .00000     (Insuf)    .00000     .00000     .00000    
Automated Data Processing.Queue.NumberInQu  6.2917     (Corr)     .00000     97.000     .00000    
Process WEARABLE by nurse.Queue.NumberInQu  .01698     (Insuf)    .00000     5.0000     .00000    
Process HOSPITAL by IT.Queue.NumberInQueue  .00000     (Insuf)    .00000     .00000     .00000    

                                             OUTPUTS

Identifier                                   Value
_____________________________________________________________

E_2ND.NumberIn                              3429.0    
E_2ND.NumberOut                             3429.0    
E_1ST.NumberIn                              2018.0    
E_1ST.NumberOut                             2018.0    
E_3RD.NumberIn                              231.00    
E_3RD.NumberOut                             230.00    
MD.NumberSeized                             10.000    
MD.ScheduledUtilization                     .02873    
RTEAM.NumberSeized                          1.0000    
RTEAM.ScheduledUtilization                  .00170    
NURSE.NumberSeized                          488.00    
NURSE.ScheduledUtilization                  .20791    
TTEAM.NumberSeized                          157.00    
TTEAM.ScheduledUtilization                  .13797    
Automated_script.NumberSeized               1056.0    
Automated_script.ScheduledUtilization       .36735    
STEAM.NumberSeized                          213.00    
STEAM.ScheduledUtilization                  .17521    
System.NumberOut                            5677.0    

Beginning replication 8 of 10

                                      ARENA Simulation Results
                                        - License: 7328734345

                                  Summary for Replication 8 of 10

Project: Unnamed Project                                             Run execution date :11/14/2024
Analyst: Rockwell Automation                                         Model revision date:11/14/2024

Replication ended at time      : 1440.0 Minutes 
Base Time Units: Minutes

                                           TALLY VARIABLES

Identifier                                  Average   Half Width  Minimum    Maximum   Observations
___________________________________________________________________________________________________

Record total obsolete                       278.50     (Corr)     1.0000     556.00        556    
E_2ND.VATime                                .34200     (Corr)     .00000     21.810       3411    
E_2ND.NVATime                               .00000     .00000     .00000     .00000       3411    
E_2ND.WaitTime                              3.7011     (Corr)     .00000     162.07       3411    
E_2ND.TranTime                              .00000     .00000     .00000     .00000       3411    
E_2ND.OtherTime                             .00000     .00000     .00000     .00000       3411    
E_2ND.TotalTime                             4.0431     (Corr)     .00000     162.93       3411    
E_1ST.VATime                                1.2150     (Corr)     .00000     13.365       1990    
E_1ST.NVATime                               .00000     .00000     .00000     .00000       1990    
E_1ST.WaitTime                              .15653     .15293     .00000     16.339       1990    
E_1ST.TranTime                              .00000     .00000     .00000     .00000       1990    
E_1ST.OtherTime                             .00000     .00000     .00000     .00000       1990    
E_1ST.TotalTime                             1.3715     (Corr)     .00000     18.358       1990    
E_3RD.VATime                                4.8740     (Insuf)    .69887     16.484        270    
E_3RD.NVATime                               .00000     (Insuf)    .00000     .00000        270    
E_3RD.WaitTime                              .03232     (Insuf)    .00000     1.0391        270    
E_3RD.TranTime                              .00000     (Insuf)    .00000     .00000        270    
E_3RD.OtherTime                             .00000     (Insuf)    .00000     .00000        270    
E_3RD.TotalTime                             4.9063     (Insuf)    .69887     16.484        270    
Process EQUIP by STEAM.Queue.WaitingTime    .00000     (Insuf)    .00000     .00000          1    
Process BED by nurse.Queue.WaitingTime      .01503     (Insuf)    .00000     1.4704        168    
Process DIAGNOSTIC by IT.Queue.WaitingTime  .01764     (Insuf)    .00000     1.3406         76    
Process MIoT by MD.Queue.WaitingTime        .47582     (Insuf)    .00000     3.3307          7    
Process ICT by IT.Queue.WaitingTime         .03926     (Insuf)    .00000     .55085         21    
Process suspicions.Queue.WaitingTime        .00687     (Insuf)    .00000     .45719        204    
Mitigate and Respond.Queue.WaitingTime      .00000     (Insuf)    .00000     .00000          3    
Automated Data Processing.Queue.WaitingTim  11.321     (Corr)     .00000     162.07       1142    
Process WEARABLE by nurse.Queue.WaitingTim  .01325     .01391     .00000     1.1497        355    
Process HOSPITAL by IT.Queue.WaitingTime    .01734     (Insuf)    .00000     1.2659         73    

                                     DISCRETE-CHANGE VARIABLES

Identifier                                  Average   Half Width  Minimum    Maximum   Final Value
___________________________________________________________________________________________________

E_2ND.WIP                                   9.5772     (Corr)     .00000     133.00     .00000    
E_1ST.WIP                                   1.8954     (Corr)     .00000     21.000     .00000    
E_3RD.WIP                                   .93186     (Corr)     .00000     7.0000     6.0000    
MD.NumberBusy                               .04121     (Insuf)    .00000     2.0000     .00000    
MD.NumberScheduled                          2.0000     (Insuf)    2.0000     2.0000     2.0000    
MD.Utilization                              .02060     (Insuf)    .00000     1.0000     .00000    
RTEAM.NumberBusy                            .02428     (Insuf)    .00000     2.0000     .00000    
RTEAM.NumberScheduled                       5.0000     (Insuf)    5.0000     5.0000     5.0000    
RTEAM.Utilization                           .00486     (Insuf)    .00000     .40000     .00000    
NURSE.NumberBusy                            1.1087     (Corr)     .00000     5.0000     2.0000    
NURSE.NumberScheduled                       5.0000     (Insuf)    5.0000     5.0000     5.0000    
NURSE.Utilization                           .22175     (Corr)     .00000     1.0000     .40000    
TTEAM.NumberBusy                            .74372     (Corr)     .00000     5.0000     2.0000    
TTEAM.NumberScheduled                       5.0000     (Insuf)    5.0000     5.0000     5.0000    
TTEAM.Utilization                           .14874     (Corr)     .00000     1.0000     .40000    
Automated_script.NumberBusy                 .79057     (Corr)     .00000     2.0000     2.0000    
Automated_script.NumberScheduled            2.0000     (Insuf)    2.0000     2.0000     2.0000    
Automated_script.Utilization                .39528     (Corr)     .00000     1.0000     1.0000    
STEAM.NumberBusy                            .70651     (Corr)     .00000     4.0000     .00000    
STEAM.NumberScheduled                       4.0000     (Insuf)    4.0000     4.0000     4.0000    
STEAM.Utilization                           .17663     (Corr)     .00000     1.0000     .00000    
Process EQUIP by STEAM.Queue.NumberInQueue  .00000     (Insuf)    .00000     .00000     .00000    
Process BED by nurse.Queue.NumberInQueue    .00175     (Insuf)    .00000     1.0000     .00000    
Process DIAGNOSTIC by IT.Queue.NumberInQue  9.3097E-04 (Insuf)    .00000     1.0000     .00000    
Process MIoT by MD.Queue.NumberInQueue      .00231     (Insuf)    .00000     1.0000     .00000    
Process ICT by IT.Queue.NumberInQueue       5.7255E-04 (Insuf)    .00000     1.0000     .00000    
Process suspicions.Queue.NumberInQueue      9.7367E-04 (Insuf)    .00000     1.0000     .00000    
Mitigate and Respond.Queue.NumberInQueue    .00000     (Insuf)    .00000     .00000     .00000    
Automated Data Processing.Queue.NumberInQu  8.9788     (Corr)     .00000     123.00     .00000    
Process WEARABLE by nurse.Queue.NumberInQu  .00327     (Insuf)    .00000     1.0000     .00000    
Process HOSPITAL by IT.Queue.NumberInQueue  8.7911E-04 (Insuf)    .00000     1.0000     .00000    

                                             OUTPUTS

Identifier                                   Value
_____________________________________________________________

E_2ND.NumberIn                              3411.0    
E_2ND.NumberOut                             3411.0    
E_1ST.NumberIn                              1990.0    
E_1ST.NumberOut                             1990.0    
E_3RD.NumberIn                              276.00    
E_3RD.NumberOut                             270.00    
MD.NumberSeized                             8.0000    
MD.ScheduledUtilization                     .02060    
RTEAM.NumberSeized                          3.0000    
RTEAM.ScheduledUtilization                  .00486    
NURSE.NumberSeized                          523.00    
NURSE.ScheduledUtilization                  .22175    
TTEAM.NumberSeized                          170.00    
TTEAM.ScheduledUtilization                  .14874    
Automated_script.NumberSeized               1142.0    
Automated_script.ScheduledUtilization       .39528    
STEAM.NumberSeized                          204.00    
STEAM.ScheduledUtilization                  .17663    
System.NumberOut                            5671.0    

Beginning replication 9 of 10

                                      ARENA Simulation Results
                                        - License: 7328734345

                                  Summary for Replication 9 of 10

Project: Unnamed Project                                             Run execution date :11/14/2024
Analyst: Rockwell Automation                                         Model revision date:11/14/2024

Replication ended at time      : 1440.0 Minutes 
Base Time Units: Minutes

                                           TALLY VARIABLES

Identifier                                  Average   Half Width  Minimum    Maximum   Observations
___________________________________________________________________________________________________

Record total obsolete                       284.00     (Corr)     1.0000     567.00        567    
E_2ND.VATime                                .40910     (Corr)     .00000     25.129       3316    
E_2ND.NVATime                               .00000     .00000     .00000     .00000       3316    
E_2ND.WaitTime                              3.7630     (Corr)     .00000     178.98       3316    
E_2ND.TranTime                              .00000     .00000     .00000     .00000       3316    
E_2ND.OtherTime                             .00000     .00000     .00000     .00000       3316    
E_2ND.TotalTime                             4.1721     (Corr)     .00000     179.70       3316    
E_1ST.VATime                                1.1428     (Corr)     .00000     12.328       2026    
E_1ST.NVATime                               .00000     .00000     .00000     .00000       2026    
E_1ST.WaitTime                              .12402     (Corr)     .00000     9.0543       2026    
E_1ST.TranTime                              .00000     .00000     .00000     .00000       2026    
E_1ST.OtherTime                             .00000     .00000     .00000     .00000       2026    
E_1ST.TotalTime                             1.2668     (Corr)     .00000     14.254       2026    
E_3RD.VATime                                4.8904     (Insuf)    .56999     15.815        233    
E_3RD.NVATime                               .00000     (Insuf)    .00000     .00000        233    
E_3RD.WaitTime                              .01570     (Insuf)    .00000     1.1033        233    
E_3RD.TranTime                              .00000     (Insuf)    .00000     .00000        233    
E_3RD.OtherTime                             .00000     (Insuf)    .00000     .00000        233    
E_3RD.TotalTime                             4.9061     (Insuf)    .56999     15.815        233    
Process EQUIP by STEAM.Queue.WaitingTime    4.4532     (Insuf)    .00000     7.1123          3    
Process BED by nurse.Queue.WaitingTime      .03633     (Insuf)    .00000     1.7226        177    
Process DIAGNOSTIC by IT.Queue.WaitingTime  9.6138E-04 (Insuf)    .00000     .05288         55    
Process MIoT by MD.Queue.WaitingTime        3.6422     (Insuf)    .00000     10.488          5    
Process ICT by IT.Queue.WaitingTime         .00000     (Insuf)    .00000     .00000         17    
Process suspicions.Queue.WaitingTime        .12273     (Insuf)    .00000     6.4569        234    
Mitigate and Respond.Queue.WaitingTime      .00000     (Insuf)    .00000     .00000          3    
Automated Data Processing.Queue.WaitingTim  11.447     (Corr)     .00000     178.98       1105    
Process WEARABLE by nurse.Queue.WaitingTim  .04855     .04299     .00000     1.9747        351    
Process HOSPITAL by IT.Queue.WaitingTime    .00000     (Insuf)    .00000     .00000         55    

                                     DISCRETE-CHANGE VARIABLES

Identifier                                  Average   Half Width  Minimum    Maximum   Final Value
___________________________________________________________________________________________________

E_2ND.WIP                                   9.6075     (Corr)     .00000     141.00     .00000    
E_1ST.WIP                                   1.7824     (Corr)     .00000     16.000     .00000    
E_3RD.WIP                                   .79925     (Corr)     .00000     9.0000     3.0000    
MD.NumberBusy                               .04750     (Insuf)    .00000     2.0000     .00000    
MD.NumberScheduled                          2.0000     (Insuf)    2.0000     2.0000     2.0000    
MD.Utilization                              .02375     (Insuf)    .00000     1.0000     .00000    
RTEAM.NumberBusy                            .02652     (Insuf)    .00000     3.0000     .00000    
RTEAM.NumberScheduled                       5.0000     (Insuf)    5.0000     5.0000     5.0000    
RTEAM.Utilization                           .00530     (Insuf)    .00000     .60000     .00000    
NURSE.NumberBusy                            1.1126     (Corr)     .00000     5.0000     .00000    
NURSE.NumberScheduled                       5.0000     (Insuf)    5.0000     5.0000     5.0000    
NURSE.Utilization                           .22252     (Corr)     .00000     1.0000     .00000    
TTEAM.NumberBusy                            .54980     (Insuf)    .00000     5.0000     .00000    
TTEAM.NumberScheduled                       5.0000     (Insuf)    5.0000     5.0000     5.0000    
TTEAM.Utilization                           .10996     (Insuf)    .00000     1.0000     .00000    
Automated_script.NumberBusy                 .76271     (Corr)     .00000     2.0000     2.0000    
Automated_script.NumberScheduled            2.0000     (Insuf)    2.0000     2.0000     2.0000    
Automated_script.Utilization                .38136     (Corr)     .00000     1.0000     1.0000    
STEAM.NumberBusy                            .84753     (Corr)     .00000     4.0000     1.0000    
STEAM.NumberScheduled                       4.0000     (Insuf)    4.0000     4.0000     4.0000    
STEAM.Utilization                           .21188     (Corr)     .00000     1.0000     .25000    
Process EQUIP by STEAM.Queue.NumberInQueue  .00928     (Insuf)    .00000     2.0000     .00000    
Process BED by nurse.Queue.NumberInQueue    .00447     (Insuf)    .00000     2.0000     .00000    
Process DIAGNOSTIC by IT.Queue.NumberInQue  3.6719E-05 (Insuf)    .00000     1.0000     .00000    
Process MIoT by MD.Queue.NumberInQueue      .01265     (Insuf)    .00000     2.0000     .00000    
Process ICT by IT.Queue.NumberInQueue       .00000     (Insuf)    .00000     .00000     .00000    
Process suspicions.Queue.NumberInQueue      .01994     (Insuf)    .00000     2.0000     .00000    
Mitigate and Respond.Queue.NumberInQueue    .00000     (Insuf)    .00000     .00000     .00000    
Automated Data Processing.Queue.NumberInQu  8.7842     (Corr)     .00000     131.00     .00000    
Process WEARABLE by nurse.Queue.NumberInQu  .01183     (Insuf)    .00000     2.0000     .00000    
Process HOSPITAL by IT.Queue.NumberInQueue  .00000     (Insuf)    .00000     .00000     .00000    

                                             OUTPUTS

Identifier                                   Value
_____________________________________________________________

E_2ND.NumberIn                              3316.0    
E_2ND.NumberOut                             3316.0    
E_1ST.NumberIn                              2026.0    
E_1ST.NumberOut                             2026.0    
E_3RD.NumberIn                              236.00    
E_3RD.NumberOut                             233.00    
MD.NumberSeized                             8.0000    
MD.ScheduledUtilization                     .02375    
RTEAM.NumberSeized                          3.0000    
RTEAM.ScheduledUtilization                  .00530    
NURSE.NumberSeized                          528.00    
NURSE.ScheduledUtilization                  .22252    
TTEAM.NumberSeized                          127.00    
TTEAM.ScheduledUtilization                  .10996    
Automated_script.NumberSeized               1105.0    
Automated_script.ScheduledUtilization       .38136    
STEAM.NumberSeized                          234.00    
STEAM.ScheduledUtilization                  .21188    
System.NumberOut                            5575.0    

Beginning replication 10 of 10

                                      ARENA Simulation Results
                                        - License: 7328734345

                                  Summary for Replication 10 of 10

Project: Unnamed Project                                             Run execution date :11/14/2024
Analyst: Rockwell Automation                                         Model revision date:11/14/2024

Replication ended at time      : 1440.0 Minutes 
Base Time Units: Minutes

                                           TALLY VARIABLES

Identifier                                  Average   Half Width  Minimum    Maximum   Observations
___________________________________________________________________________________________________

Record total obsolete                       303.50     (Corr)     1.0000     606.00        606    
E_2ND.VATime                                .35007     (Corr)     .00000     21.881       3434    
E_2ND.NVATime                               .00000     .00000     .00000     .00000       3434    
E_2ND.WaitTime                              5.0306     (Corr)     .00000     187.13       3434    
E_2ND.TranTime                              .00000     .00000     .00000     .00000       3434    
E_2ND.OtherTime                             .00000     .00000     .00000     .00000       3434    
E_2ND.TotalTime                             5.3806     (Corr)     .00000     187.66       3434    
E_1ST.VATime                                1.1769     (Corr)     .00000     14.667       2048    
E_1ST.NVATime                               .00000     .00000     .00000     .00000       2048    
E_1ST.WaitTime                              .10514     (Corr)     .00000     7.1906       2048    
E_1ST.TranTime                              .00000     .00000     .00000     .00000       2048    
E_1ST.OtherTime                             .00000     .00000     .00000     .00000       2048    
E_1ST.TotalTime                             1.2821     (Corr)     .00000     15.337       2048    
E_3RD.VATime                                4.7177     (Insuf)    .66851     11.732        247    
E_3RD.NVATime                               .00000     (Insuf)    .00000     .00000        247    
E_3RD.WaitTime                              .03102     (Insuf)    .00000     1.7899        247    
E_3RD.TranTime                              .00000     (Insuf)    .00000     .00000        247    
E_3RD.OtherTime                             .00000     (Insuf)    .00000     .00000        247    
E_3RD.TotalTime                             4.7487     (Insuf)    .66851     11.732        247    
Process EQUIP by STEAM.Queue.WaitingTime    3.9778     (Insuf)    3.9778     3.9778          1    
Process BED by nurse.Queue.WaitingTime      .02779     (Insuf)    .00000     1.1356        180    
Process DIAGNOSTIC by IT.Queue.WaitingTime  .00000     (Insuf)    .00000     .00000         50    
Process MIoT by MD.Queue.WaitingTime        .54093     (Insuf)    .00000     3.7865          7    
Process ICT by IT.Queue.WaitingTime         .00000     (Insuf)    .00000     .00000         18    
Process suspicions.Queue.WaitingTime        .09368     (Insuf)    .00000     3.9071        226    
Mitigate and Respond.Queue.WaitingTime      .00000     (Insuf)    .00000     .00000          1    
Automated Data Processing.Queue.WaitingTim  15.176     (Corr)     .00000     187.13       1150    
Process WEARABLE by nurse.Queue.WaitingTim  .03024     .02366     .00000     1.4979        358    
Process HOSPITAL by IT.Queue.WaitingTime    .00000     (Insuf)    .00000     .00000         59    

                                     DISCRETE-CHANGE VARIABLES

Identifier                                  Average   Half Width  Minimum    Maximum   Final Value
___________________________________________________________________________________________________

E_2ND.WIP                                   12.831     (Corr)     .00000     179.00     .00000    
E_1ST.WIP                                   1.8234     (Corr)     .00000     17.000     .00000    
E_3RD.WIP                                   .82176     (Corr)     .00000     8.0000     3.0000    
MD.NumberBusy                               .04878     (Insuf)    .00000     2.0000     .00000    
MD.NumberScheduled                          2.0000     (Insuf)    2.0000     2.0000     2.0000    
MD.Utilization                              .02439     (Insuf)    .00000     1.0000     .00000    
RTEAM.NumberBusy                            .00824     (Insuf)    .00000     1.0000     .00000    
RTEAM.NumberScheduled                       5.0000     (Insuf)    5.0000     5.0000     5.0000    
RTEAM.Utilization                           .00165     (Insuf)    .00000     .20000     .00000    
NURSE.NumberBusy                            1.1535     (Corr)     .00000     5.0000     2.0000    
NURSE.NumberScheduled                       5.0000     (Insuf)    5.0000     5.0000     5.0000    
NURSE.Utilization                           .23072     (Corr)     .00000     1.0000     .40000    
TTEAM.NumberBusy                            .54699     (Insuf)    .00000     5.0000     .00000    
TTEAM.NumberScheduled                       5.0000     (Insuf)    5.0000     5.0000     5.0000    
TTEAM.Utilization                           .10940     (Insuf)    .00000     1.0000     .00000    
Automated_script.NumberBusy                 .79689     (Corr)     .00000     2.0000     .00000    
Automated_script.NumberScheduled            2.0000     (Insuf)    2.0000     2.0000     2.0000    
Automated_script.Utilization                .39845     (Corr)     .00000     1.0000     .00000    
STEAM.NumberBusy                            .77066     (Corr)     .00000     4.0000     1.0000    
STEAM.NumberScheduled                       4.0000     (Insuf)    4.0000     4.0000     4.0000    
STEAM.Utilization                           .19267     (Corr)     .00000     1.0000     .25000    
Process EQUIP by STEAM.Queue.NumberInQueue  .00276     (Insuf)    .00000     1.0000     .00000    
Process BED by nurse.Queue.NumberInQueue    .00347     (Insuf)    .00000     2.0000     .00000    
Process DIAGNOSTIC by IT.Queue.NumberInQue  .00000     (Insuf)    .00000     .00000     .00000    
Process MIoT by MD.Queue.NumberInQueue      .00263     (Insuf)    .00000     1.0000     .00000    
Process ICT by IT.Queue.NumberInQueue       .00000     (Insuf)    .00000     .00000     .00000    
Process suspicions.Queue.NumberInQueue      .01470     (Insuf)    .00000     3.0000     .00000    
Mitigate and Respond.Queue.NumberInQueue    .00000     (Insuf)    .00000     .00000     .00000    
Automated Data Processing.Queue.NumberInQu  12.120     (Corr)     .00000     168.00     .00000    
Process WEARABLE by nurse.Queue.NumberInQu  .00752     (Insuf)    .00000     3.0000     .00000    
Process HOSPITAL by IT.Queue.NumberInQueue  .00000     (Insuf)    .00000     .00000     .00000    

                                             OUTPUTS

Identifier                                   Value
_____________________________________________________________

E_2ND.NumberIn                              3434.0    
E_2ND.NumberOut                             3434.0    
E_1ST.NumberIn                              2048.0    
E_1ST.NumberOut                             2048.0    
E_3RD.NumberIn                              250.00    
E_3RD.NumberOut                             247.00    
MD.NumberSeized                             8.0000    
MD.ScheduledUtilization                     .02439    
RTEAM.NumberSeized                          1.0000    
RTEAM.ScheduledUtilization                  .00165    
NURSE.NumberSeized                          538.00    
NURSE.ScheduledUtilization                  .23072    
TTEAM.NumberSeized                          127.00    
TTEAM.ScheduledUtilization                  .10940    
Automated_script.NumberSeized               1150.0    
Automated_script.ScheduledUtilization       .39845    
STEAM.NumberSeized                          226.00    
STEAM.ScheduledUtilization                  .19267    
System.NumberOut                            5729.0    


                                      ARENA Simulation Results
                                        - License: 7328734345

                                 Output Summary for 10 Replications

Project: Unnamed Project                                             Run execution date :11/14/2024
Analyst: Rockwell Automation                                         Model revision date:11/14/2024


                                             OUTPUTS

Identifier                                 Average    Half-width Minimum    Maximum # Replications
___________________________________________________________________________________________________

E_2ND.NumberIn                              3341.3     58.357     3187.0     3434.0     10
E_2ND.NumberOut                             3341.3     58.357     3187.0     3434.0     10
E_1ST.NumberIn                              1988.9     27.800     1937.0     2048.0     10
E_1ST.NumberOut                             1988.9     27.800     1937.0     2048.0     10
E_3RD.NumberIn                              243.50     13.560     222.00     277.00     10
E_3RD.NumberOut                             240.80     12.896     220.00     274.00     10
MD.NumberSeized                             8.8000     1.2064     6.0000     12.000     10
MD.ScheduledUtilization                     .02490     .00284     .01738     .03103     10
RTEAM.NumberSeized                          1.9000     .71132     .00000     3.0000     10
RTEAM.ScheduledUtilization                  .00310     .00117     .00000     .00530     10
NURSE.NumberSeized                          518.80     19.367     479.00     564.00     10
NURSE.ScheduledUtilization                  .21918     .00934     .19933     .24248     10
TTEAM.NumberSeized                          141.90     10.558     124.00     170.00     10
TTEAM.ScheduledUtilization                  .12454     .00947     .10824     .14874     10
Automated_script.NumberSeized               1109.9     30.296     1046.0     1185.0     10
Automated_script.ScheduledUtilization       .38454     .01034     .36283     .41023     10
STEAM.NumberSeized                          222.90     6.9633     204.00     234.00     10
STEAM.ScheduledUtilization                  .19129     .00760     .17521     .21188     10
System.NumberOut                            5571.0     73.379     5370.0     5729.0     10

Simulation run time: 0.02 minutes.
Simulation run complete.
